2018-12-25 09:59:39.403  INFO [zipkin-server-stream,,,] 179424 --- [main] c.example.ZipkinServerStreamApplication  : Starting ZipkinServerStreamApplication on admin-PC with PID 179424 (D:\www\SpringBoot\demo\zipkin-server-stream\target\classes started by Administrator in D:\www\SpringBoot\demo)
2018-12-25 09:59:39.406  INFO [zipkin-server-stream,,,] 179424 --- [main] c.example.ZipkinServerStreamApplication  : No active profile set, falling back to default profiles: default
2018-12-25 09:59:39.448  INFO [zipkin-server-stream,,,] 179424 --- [main] ationConfigEmbeddedWebApplicationContext : Refreshing org.springframework.boot.context.embedded.AnnotationConfigEmbeddedWebApplicationContext@77167fb7: startup date [Tue Dec 25 09:59:39 CST 2018]; root of context hierarchy
2018-12-25 09:59:39.981  INFO [zipkin-server-stream,,,] 179424 --- [main] o.s.i.config.IntegrationRegistrar        : No bean named 'integrationHeaderChannelRegistry' has been explicitly defined. Therefore, a default DefaultHeaderChannelRegistry will be created.
2018-12-25 09:59:40.132  INFO [zipkin-server-stream,,,] 179424 --- [main] o.s.b.f.s.DefaultListableBeanFactory     : Overriding bean definition for bean 'characterEncodingFilter' with a different definition: replacing [Root bean: class [null]; scope=; abstract=false; lazyInit=false; autowireMode=3; dependencyCheck=0; autowireCandidate=true; primary=false; factoryBeanName=org.springframework.boot.autoconfigure.web.HttpEncodingAutoConfiguration; factoryMethodName=characterEncodingFilter; initMethodName=null; destroyMethodName=(inferred); defined in class path resource [org/springframework/boot/autoconfigure/web/HttpEncodingAutoConfiguration.class]] with [Root bean: class [null]; scope=; abstract=false; lazyInit=false; autowireMode=3; dependencyCheck=0; autowireCandidate=true; primary=false; factoryBeanName=zipkin.autoconfigure.ui.ZipkinUiAutoConfiguration; factoryMethodName=characterEncodingFilter; initMethodName=null; destroyMethodName=(inferred); defined in class path resource [zipkin/autoconfigure/ui/ZipkinUiAutoConfiguration.class]]
2018-12-25 09:59:40.304  INFO [zipkin-server-stream,,,] 179424 --- [main] faultConfiguringBeanFactoryPostProcessor : No bean named 'errorChannel' has been explicitly defined. Therefore, a default PublishSubscribeChannel will be created.
2018-12-25 09:59:40.307  INFO [zipkin-server-stream,,,] 179424 --- [main] faultConfiguringBeanFactoryPostProcessor : No bean named 'taskScheduler' has been explicitly defined. Therefore, a default ThreadPoolTaskScheduler will be created.
2018-12-25 09:59:40.354  INFO [zipkin-server-stream,,,] 179424 --- [main] trationDelegate$BeanPostProcessorChecker : Bean 'org.springframework.amqp.rabbit.annotation.RabbitBootstrapConfiguration' of type [org.springframework.amqp.rabbit.annotation.RabbitBootstrapConfiguration$$EnhancerBySpringCGLIB$$a41cd78b] is not eligible for getting processed by all BeanPostProcessors (for example: not eligible for auto-proxying)
                                     2018-12-25 09:59:40.409  INFO [zipkin-server-stream,,,] 179424 --- [main] trationDelegate$BeanPostProcessorChecker : Bean 'org.springframework.cloud.sleuth.instrument.async.AsyncDefaultAutoConfiguration$DefaultAsyncConfigurerSupport' of type [org.springframework.cloud.sleuth.instrument.async.AsyncDefaultAutoConfiguration$DefaultAsyncConfigurerSupport$$EnhancerBySpringCGLIB$$1af2b720] is not eligible for getting processed by all BeanPostProcessors (for example: not eligible for auto-proxying)
                                     2018-12-25 09:59:40.463  INFO [zipkin-server-stream,,,] 179424 --- [main] trationDelegate$BeanPostProcessorChecker : Bean 'org.springframework.cloud.sleuth.annotation.SleuthAnnotationAutoConfiguration' of type [org.springframework.cloud.sleuth.annotation.SleuthAnnotationAutoConfiguration$$EnhancerBySpringCGLIB$$e0165f8f] is not eligible for getting processed by all BeanPostProcessors (for example: not eligible for auto-proxying)
                                     2018-12-25 09:59:40.565  INFO [zipkin-server-stream,,,] 179424 --- [main] trationDelegate$BeanPostProcessorChecker : Bean 'sleuthAdvisorConfig' of type [org.springframework.cloud.sleuth.annotation.SleuthAdvisorConfig] is not eligible for getting processed by all BeanPostProcessors (for example: not eligible for auto-proxying)
2018-12-25 09:59:40.585  INFO [zipkin-server-stream,,,] 179424 --- [main] trationDelegate$BeanPostProcessorChecker : Bean 'integrationGlobalProperties' of type [org.springframework.beans.factory.config.PropertiesFactoryBean] is not eligible for getting processed by all BeanPostProcessors (for example: not eligible for auto-proxying)
2018-12-25 09:59:40.593  INFO [zipkin-server-stream,,,] 179424 --- [main] trationDelegate$BeanPostProcessorChecker : Bean 'integrationGlobalProperties' of type [java.util.Properties] is not eligible for getting processed by all BeanPostProcessors (for example: not eligible for auto-proxying)
2018-12-25 09:59:40.632  INFO [zipkin-server-stream,,,] 179424 --- [main] trationDelegate$BeanPostProcessorChecker : Bean 'org.springframework.cloud.stream.config.BindingServiceConfiguration$PostProcessorConfiguration' of type [org.springframework.cloud.stream.config.BindingServiceConfiguration$PostProcessorConfiguration$$EnhancerBySpringCGLIB$$9f78b762] is not eligible for getting processed by all BeanPostProcessors (for example: not eligible for auto-proxying)
2018-12-25 09:59:40.656  INFO [zipkin-server-stream,,,] 179424 --- [main] trationDelegate$BeanPostProcessorChecker : Bean 'org.springframework.cloud.sleuth.instrument.async.AsyncDefaultAutoConfiguration' of type [org.springframework.cloud.sleuth.instrument.async.AsyncDefaultAutoConfiguration$$EnhancerBySpringCGLIB$$c594c57c] is not eligible for getting processed by all BeanPostProcessors (for example: not eligible for auto-proxying)
2018-12-25 09:59:40.963  INFO [zipkin-server-stream,,,] 179424 --- [main] s.b.c.e.t.TomcatEmbeddedServletContainer : Tomcat initialized with port(s): 9411 (http)
2018-12-25 09:59:40.970  INFO [zipkin-server-stream,,,] 179424 --- [main] o.apache.catalina.core.StandardService   : Starting service [Tomcat]
2018-12-25 09:59:40.970  INFO [zipkin-server-stream,,,] 179424 --- [main] org.apache.catalina.core.StandardEngine  : Starting Servlet Engine: Apache Tomcat/8.5.27
2018-12-25 09:59:41.049  INFO [zipkin-server-stream,,,] 179424 --- [localhost-startStop-1] o.a.c.c.C.[Tomcat].[localhost].[/]       : Initializing Spring embedded WebApplicationContext
2018-12-25 09:59:41.049  INFO [zipkin-server-stream,,,] 179424 --- [localhost-startStop-1] o.s.web.context.ContextLoader            : Root WebApplicationContext: initialization completed in 1603 ms
2018-12-25 09:59:41.453  INFO [zipkin-server-stream,,,] 179424 --- [localhost-startStop-1] o.s.b.w.servlet.FilterRegistrationBean   : Mapping filter: 'metricsFilter' to: [/*]
2018-12-25 09:59:41.454  INFO [zipkin-server-stream,,,] 179424 --- [localhost-startStop-1] o.s.b.w.servlet.FilterRegistrationBean   : Mapping filter: 'traceFilter' to: [/*]
2018-12-25 09:59:41.454  INFO [zipkin-server-stream,,,] 179424 --- [localhost-startStop-1] o.s.b.w.servlet.FilterRegistrationBean   : Mapping filter: 'hiddenHttpMethodFilter' to: [/*]
2018-12-25 09:59:41.454  INFO [zipkin-server-stream,,,] 179424 --- [localhost-startStop-1] o.s.b.w.servlet.FilterRegistrationBean   : Mapping filter: 'httpPutFormContentFilter' to: [/*]
2018-12-25 09:59:41.454  INFO [zipkin-server-stream,,,] 179424 --- [localhost-startStop-1] o.s.b.w.servlet.FilterRegistrationBean   : Mapping filter: 'requestContextFilter' to: [/*]
2018-12-25 09:59:41.454  INFO [zipkin-server-stream,,,] 179424 --- [localhost-startStop-1] o.s.b.w.servlet.FilterRegistrationBean   : Mapping filter: 'webRequestLoggingFilter' to: [/*]
2018-12-25 09:59:41.454  INFO [zipkin-server-stream,,,] 179424 --- [localhost-startStop-1] o.s.b.w.servlet.FilterRegistrationBean   : Mapping filter: 'applicationContextIdFilter' to: [/*]
2018-12-25 09:59:41.454  INFO [zipkin-server-stream,,,] 179424 --- [localhost-startStop-1] o.s.b.w.servlet.FilterRegistrationBean   : Mapping filter: 'characterEncodingFilter' to: [/*]
2018-12-25 09:59:41.454  INFO [zipkin-server-stream,,,] 179424 --- [localhost-startStop-1] o.s.b.w.servlet.ServletRegistrationBean  : Mapping servlet: 'dispatcherServlet' to [/]
2018-12-25 09:59:41.945  INFO [zipkin-server-stream,,,] 179424 --- [main] s.w.s.m.m.a.RequestMappingHandlerAdapter : Looking for @ControllerAdvice: org.springframework.boot.context.embedded.AnnotationConfigEmbeddedWebApplicationContext@77167fb7: startup date [Tue Dec 25 09:59:39 CST 2018]; root of context hierarchy
2018-12-25 09:59:42.011  INFO [zipkin-server-stream,,,] 179424 --- [main] s.w.s.m.m.a.RequestMappingHandlerMapping : Mapped "{[/api/v1/dependencies],methods=[GET],produces=[application/json]}" onto public byte[] zipkin.server.ZipkinQueryApiV1.getDependencies(long,java.lang.Long)
2018-12-25 09:59:42.012  INFO [zipkin-server-stream,,,] 179424 --- [main] s.w.s.m.m.a.RequestMappingHandlerMapping : Mapped "{[/api/v1/services],methods=[GET]}" onto public org.springframework.http.ResponseEntity<java.util.List<java.lang.String>> zipkin.server.ZipkinQueryApiV1.getServiceNames()
2018-12-25 09:59:42.012  INFO [zipkin-server-stream,,,] 179424 --- [main] s.w.s.m.m.a.RequestMappingHandlerMapping : Mapped "{[/api/v1/spans],methods=[GET]}" onto public org.springframework.http.ResponseEntity<java.util.List<java.lang.String>> zipkin.server.ZipkinQueryApiV1.getSpanNames(java.lang.String)
2018-12-25 09:59:42.013  INFO [zipkin-server-stream,,,] 179424 --- [main] s.w.s.m.m.a.RequestMappingHandlerMapping : Mapped "{[/api/v1/traces],methods=[GET],produces=[application/json]}" onto public java.lang.String zipkin.server.ZipkinQueryApiV1.getTraces(java.lang.String,java.lang.String,java.lang.String,java.lang.Long,java.lang.Long,java.lang.Long,java.lang.Long,java.lang.Integer)
2018-12-25 09:59:42.013  INFO [zipkin-server-stream,,,] 179424 --- [main] s.w.s.m.m.a.RequestMappingHandlerMapping : Mapped "{[/api/v1/trace/{traceIdHex}],methods=[GET],produces=[application/json]}" onto public java.lang.String zipkin.server.ZipkinQueryApiV1.getTrace(java.lang.String,org.springframework.web.context.request.WebRequest)
2018-12-25 09:59:42.014  INFO [zipkin-server-stream,,,] 179424 --- [main] s.w.s.m.m.a.RequestMappingHandlerMapping : Mapped "{[/api/v2/spans],methods=[POST]}" onto public org.springframework.util.concurrent.ListenableFuture<org.springframework.http.ResponseEntity<?>> zipkin.server.ZipkinHttpCollector.uploadSpansJson2(java.lang.String,byte[])
2018-12-25 09:59:42.014  INFO [zipkin-server-stream,,,] 179424 --- [main] s.w.s.m.m.a.RequestMappingHandlerMapping : Mapped "{[/api/v1/spans],methods=[POST]}" onto public org.springframework.util.concurrent.ListenableFuture<org.springframework.http.ResponseEntity<?>> zipkin.server.ZipkinHttpCollector.uploadSpansJson(java.lang.String,byte[])
2018-12-25 09:59:42.014  INFO [zipkin-server-stream,,,] 179424 --- [main] s.w.s.m.m.a.RequestMappingHandlerMapping : Mapped "{[/api/v1/spans],methods=[POST],consumes=[application/x-thrift]}" onto public org.springframework.util.concurrent.ListenableFuture<org.springframework.http.ResponseEntity<?>> zipkin.server.ZipkinHttpCollector.uploadSpansThrift(java.lang.String,byte[])
2018-12-25 09:59:42.016  INFO [zipkin-server-stream,,,] 179424 --- [main] s.w.s.m.m.a.RequestMappingHandlerMapping : Mapped "{[/error]}" onto public org.springframework.http.ResponseEntity<java.util.Map<java.lang.String, java.lang.Object>> org.springframework.boot.autoconfigure.web.BasicErrorController.error(javax.servlet.http.HttpServletRequest)
2018-12-25 09:59:42.016  INFO [zipkin-server-stream,,,] 179424 --- [main] s.w.s.m.m.a.RequestMappingHandlerMapping : Mapped "{[/error],produces=[text/html]}" onto public org.springframework.web.servlet.ModelAndView org.springframework.boot.autoconfigure.web.BasicErrorController.errorHtml(javax.servlet.http.HttpServletRequest,javax.servlet.http.HttpServletResponse)
2018-12-25 09:59:42.021  INFO [zipkin-server-stream,,,] 179424 --- [main] s.w.s.m.m.a.RequestMappingHandlerMapping : Mapped "{[/zipkin/config.json],methods=[GET]}" onto public org.springframework.http.ResponseEntity<zipkin.autoconfigure.ui.ZipkinUiProperties> zipkin.autoconfigure.ui.ZipkinUiAutoConfiguration.serveUiConfig()
2018-12-25 09:59:42.022  INFO [zipkin-server-stream,,,] 179424 --- [main] s.w.s.m.m.a.RequestMappingHandlerMapping : Mapped "{[/zipkin/index.html],methods=[GET]}" onto public org.springframework.http.ResponseEntity<org.springframework.core.io.Resource> zipkin.autoconfigure.ui.ZipkinUiAutoConfiguration.serveIndex()
2018-12-25 09:59:42.022  INFO [zipkin-server-stream,,,] 179424 --- [main] s.w.s.m.m.a.RequestMappingHandlerMapping : Mapped "{[/zipkin/api/v1/**],methods=[GET]}" onto public org.springframework.web.servlet.ModelAndView zipkin.autoconfigure.ui.ZipkinUiAutoConfiguration.forwardApi(javax.servlet.http.HttpServletRequest)
2018-12-25 09:59:42.022  INFO [zipkin-server-stream,,,] 179424 --- [main] s.w.s.m.m.a.RequestMappingHandlerMapping : Mapped "{[/favicon.ico],methods=[GET]}" onto public org.springframework.web.servlet.ModelAndView zipkin.autoconfigure.ui.ZipkinUiAutoConfiguration.favicon()
2018-12-25 09:59:42.023  INFO [zipkin-server-stream,,,] 179424 --- [main] s.w.s.m.m.a.RequestMappingHandlerMapping : Mapped "{[/],methods=[GET]}" onto public void zipkin.autoconfigure.ui.ZipkinUiAutoConfiguration.redirectRoot(javax.servlet.http.HttpServletResponse) throws java.io.IOException
2018-12-25 09:59:42.023  INFO [zipkin-server-stream,,,] 179424 --- [main] s.w.s.m.m.a.RequestMappingHandlerMapping : Mapped "{[/zipkin/ || /zipkin/traces/{id} || /zipkin/dependency],methods=[GET]}" onto public org.springframework.web.servlet.ModelAndView zipkin.autoconfigure.ui.ZipkinUiAutoConfiguration.forwardUiEndpoints()
2018-12-25 09:59:42.094  INFO [zipkin-server-stream,,,] 179424 --- [main] o.s.w.s.handler.SimpleUrlHandlerMapping  : Mapped URL path [/webjars/**] onto handler of type [class org.springframework.web.servlet.resource.ResourceHttpRequestHandler]
2018-12-25 09:59:42.094  INFO [zipkin-server-stream,,,] 179424 --- [main] o.s.w.s.handler.SimpleUrlHandlerMapping  : Mapped URL path [/**] onto handler of type [class org.springframework.web.servlet.resource.ResourceHttpRequestHandler]
2018-12-25 09:59:42.094  INFO [zipkin-server-stream,,,] 179424 --- [main] o.s.w.s.handler.SimpleUrlHandlerMapping  : Mapped URL path [/zipkin/**] onto handler of type [class org.springframework.web.servlet.resource.ResourceHttpRequestHandler]
2018-12-25 09:59:42.148  INFO [zipkin-server-stream,,,] 179424 --- [main] o.s.w.s.handler.SimpleUrlHandlerMapping  : Mapped URL path [/**/favicon.ico] onto handler of type [class org.springframework.web.servlet.resource.ResourceHttpRequestHandler]
2018-12-25 09:59:42.548  INFO [zipkin-server-stream,,,] 179424 --- [main] o.s.s.c.ThreadPoolTaskScheduler          : Initializing ExecutorService  'taskScheduler'
2018-12-25 09:59:42.856  INFO [zipkin-server-stream,,,] 179424 --- [main] o.s.b.a.e.mvc.EndpointHandlerMapping     : Mapped "{[/loggers/{name:.*}],methods=[GET],produces=[application/vnd.spring-boot.actuator.v1+json || application/json]}" onto public java.lang.Object org.springframework.boot.actuate.endpoint.mvc.LoggersMvcEndpoint.get(java.lang.String)
2018-12-25 09:59:42.857  INFO [zipkin-server-stream,,,] 179424 --- [main] o.s.b.a.e.mvc.EndpointHandlerMapping     : Mapped "{[/loggers/{name:.*}],methods=[POST],consumes=[application/vnd.spring-boot.actuator.v1+json || application/json],produces=[application/vnd.spring-boot.actuator.v1+json || application/json]}" onto public java.lang.Object org.springframework.boot.actuate.endpoint.mvc.LoggersMvcEndpoint.set(java.lang.String,java.util.Map<java.lang.String, java.lang.String>)
2018-12-25 09:59:42.857  INFO [zipkin-server-stream,,,] 179424 --- [main] o.s.b.a.e.mvc.EndpointHandlerMapping     : Mapped "{[/loggers || /loggers.json],methods=[GET],produces=[application/vnd.spring-boot.actuator.v1+json || application/json]}" onto public java.lang.Object org.springframework.boot.actuate.endpoint.mvc.EndpointMvcAdapter.invoke()
2018-12-25 09:59:42.857  INFO [zipkin-server-stream,,,] 179424 --- [main] o.s.b.a.e.mvc.EndpointHandlerMapping     : Mapped "{[/logfile || /logfile.json],methods=[GET || HEAD]}" onto public void org.springframework.boot.actuate.endpoint.mvc.LogFileMvcEndpoint.invoke(javax.servlet.http.HttpServletRequest,javax.servlet.http.HttpServletResponse) throws javax.servlet.ServletException,java.io.IOException
2018-12-25 09:59:42.858  INFO [zipkin-server-stream,,,] 179424 --- [main] o.s.b.a.e.mvc.EndpointHandlerMapping     : Mapped "{[/env/{name:.*}],methods=[GET],produces=[application/vnd.spring-boot.actuator.v1+json || application/json]}" onto public java.lang.Object org.springframework.boot.actuate.endpoint.mvc.EnvironmentMvcEndpoint.value(java.lang.String)
2018-12-25 09:59:42.858  INFO [zipkin-server-stream,,,] 179424 --- [main] o.s.b.a.e.mvc.EndpointHandlerMapping     : Mapped "{[/env || /env.json],methods=[GET],produces=[application/vnd.spring-boot.actuator.v1+json || application/json]}" onto public java.lang.Object org.springframework.boot.actuate.endpoint.mvc.EndpointMvcAdapter.invoke()
2018-12-25 09:59:42.859  INFO [zipkin-server-stream,,,] 179424 --- [main] o.s.b.a.e.mvc.EndpointHandlerMapping     : Mapped "{[/features || /features.json],methods=[GET],produces=[application/vnd.spring-boot.actuator.v1+json || application/json]}" onto public java.lang.Object org.springframework.boot.actuate.endpoint.mvc.EndpointMvcAdapter.invoke()
2018-12-25 09:59:42.859  INFO [zipkin-server-stream,,,] 179424 --- [main] o.s.b.a.e.mvc.EndpointHandlerMapping     : Mapped "{[/configprops || /configprops.json],methods=[GET],produces=[application/vnd.spring-boot.actuator.v1+json || application/json]}" onto public java.lang.Object org.springframework.boot.actuate.endpoint.mvc.EndpointMvcAdapter.invoke()
2018-12-25 09:59:42.860  INFO [zipkin-server-stream,,,] 179424 --- [main] o.s.b.a.e.mvc.EndpointHandlerMapping     : Mapped "{[/autoconfig || /autoconfig.json],methods=[GET],produces=[application/vnd.spring-boot.actuator.v1+json || application/json]}" onto public java.lang.Object org.springframework.boot.actuate.endpoint.mvc.EndpointMvcAdapter.invoke()
2018-12-25 09:59:42.860  INFO [zipkin-server-stream,,,] 179424 --- [main] o.s.b.a.e.mvc.EndpointHandlerMapping     : Mapped "{[/auditevents || /auditevents.json],methods=[GET],produces=[application/vnd.spring-boot.actuator.v1+json || application/json]}" onto public org.springframework.http.ResponseEntity<?> org.springframework.boot.actuate.endpoint.mvc.AuditEventsMvcEndpoint.findByPrincipalAndAfterAndType(java.lang.String,java.util.Date,java.lang.String)
2018-12-25 09:59:42.861  INFO [zipkin-server-stream,,,] 179424 --- [main] o.s.b.a.e.mvc.EndpointHandlerMapping     : Mapped "{[/dump || /dump.json],methods=[GET],produces=[application/vnd.spring-boot.actuator.v1+json || application/json]}" onto public java.lang.Object org.springframework.boot.actuate.endpoint.mvc.EndpointMvcAdapter.invoke()
2018-12-25 09:59:42.861  INFO [zipkin-server-stream,,,] 179424 --- [main] o.s.b.a.e.mvc.EndpointHandlerMapping     : Mapped "{[/trace || /trace.json],methods=[GET],produces=[application/vnd.spring-boot.actuator.v1+json || application/json]}" onto public java.lang.Object org.springframework.boot.actuate.endpoint.mvc.EndpointMvcAdapter.invoke()
2018-12-25 09:59:42.862  INFO [zipkin-server-stream,,,] 179424 --- [main] o.s.b.a.e.mvc.EndpointHandlerMapping     : Mapped "{[/metrics/{name:.*}],methods=[GET],produces=[application/vnd.spring-boot.actuator.v1+json || application/json]}" onto public java.lang.Object org.springframework.boot.actuate.endpoint.mvc.MetricsMvcEndpoint.value(java.lang.String)
2018-12-25 09:59:42.862  INFO [zipkin-server-stream,,,] 179424 --- [main] o.s.b.a.e.mvc.EndpointHandlerMapping     : Mapped "{[/metrics || /metrics.json],methods=[GET],produces=[application/vnd.spring-boot.actuator.v1+json || application/json]}" onto public java.lang.Object org.springframework.boot.actuate.endpoint.mvc.EndpointMvcAdapter.invoke()
2018-12-25 09:59:42.862  INFO [zipkin-server-stream,,,] 179424 --- [main] o.s.b.a.e.mvc.EndpointHandlerMapping     : Mapped "{[/health || /health.json],methods=[GET],produces=[application/vnd.spring-boot.actuator.v1+json || application/json]}" onto public java.lang.Object org.springframework.boot.actuate.endpoint.mvc.HealthMvcEndpoint.invoke(javax.servlet.http.HttpServletRequest,java.security.Principal)
2018-12-25 09:59:42.863  INFO [zipkin-server-stream,,,] 179424 --- [main] o.s.b.a.e.mvc.EndpointHandlerMapping     : Mapped "{[/channels || /channels.json],methods=[GET],produces=[application/vnd.spring-boot.actuator.v1+json || application/json]}" onto public java.lang.Object org.springframework.boot.actuate.endpoint.mvc.EndpointMvcAdapter.invoke()
2018-12-25 09:59:42.863  INFO [zipkin-server-stream,,,] 179424 --- [main] o.s.b.a.e.mvc.EndpointHandlerMapping     : Mapped "{[/info || /info.json],methods=[GET],produces=[application/vnd.spring-boot.actuator.v1+json || application/json]}" onto public java.lang.Object org.springframework.boot.actuate.endpoint.mvc.EndpointMvcAdapter.invoke()
2018-12-25 09:59:42.863  INFO [zipkin-server-stream,,,] 179424 --- [main] o.s.b.a.e.mvc.EndpointHandlerMapping     : Mapped "{[/heapdump || /heapdump.json],methods=[GET],produces=[application/octet-stream]}" onto public void org.springframework.boot.actuate.endpoint.mvc.HeapdumpMvcEndpoint.invoke(boolean,javax.servlet.http.HttpServletRequest,javax.servlet.http.HttpServletResponse) throws java.io.IOException,javax.servlet.ServletException
2018-12-25 09:59:42.864  INFO [zipkin-server-stream,,,] 179424 --- [main] o.s.b.a.e.mvc.EndpointHandlerMapping     : Mapped "{[/mappings || /mappings.json],methods=[GET],produces=[application/vnd.spring-boot.actuator.v1+json || application/json]}" onto public java.lang.Object org.springframework.boot.actuate.endpoint.mvc.EndpointMvcAdapter.invoke()
2018-12-25 09:59:42.864  INFO [zipkin-server-stream,,,] 179424 --- [main] o.s.b.a.e.mvc.EndpointHandlerMapping     : Mapped "{[/beans || /beans.json],methods=[GET],produces=[application/vnd.spring-boot.actuator.v1+json || application/json]}" onto public java.lang.Object org.springframework.boot.actuate.endpoint.mvc.EndpointMvcAdapter.invoke()
2018-12-25 09:59:43.492  INFO [zipkin-server-stream,,,] 179424 --- [main] o.s.s.c.ThreadPoolTaskScheduler          : Initializing ExecutorService 
2018-12-25 09:59:43.584  INFO [zipkin-server-stream,,,] 179424 --- [main] o.s.i.codec.kryo.CompositeKryoRegistrar  : configured Kryo registration [40, java.io.File] with serializer org.springframework.integration.codec.kryo.FileSerializer
2018-12-25 09:59:43.706  INFO [zipkin-server-stream,,,] 179424 --- [main] o.s.j.e.a.AnnotationMBeanExporter        : Registering beans for JMX exposure on startup
2018-12-25 09:59:43.712  INFO [zipkin-server-stream,,,] 179424 --- [main] o.s.j.e.a.AnnotationMBeanExporter        : Bean with name 'rabbitConnectionFactory' has been autodetected for JMX exposure
2018-12-25 09:59:43.713  INFO [zipkin-server-stream,,,] 179424 --- [main] o.s.j.e.a.AnnotationMBeanExporter        : Bean with name 'integrationMbeanExporter' has been autodetected for JMX exposure
2018-12-25 09:59:43.717  INFO [zipkin-server-stream,,,] 179424 --- [main] o.s.j.e.a.AnnotationMBeanExporter        : Located managed bean 'integrationMbeanExporter': registering with JMX server as MBean [org.springframework.integration.monitor:name=integrationMbeanExporter,type=IntegrationMBeanExporter]
2018-12-25 09:59:43.741  INFO [zipkin-server-stream,,,] 179424 --- [main] o.s.j.e.a.AnnotationMBeanExporter        : Located managed bean 'rabbitConnectionFactory': registering with JMX server as MBean [org.springframework.amqp.rabbit.connection:name=rabbitConnectionFactory,type=CachingConnectionFactory]
2018-12-25 09:59:43.750  INFO [zipkin-server-stream,,,] 179424 --- [main] o.s.i.monitor.IntegrationMBeanExporter   : Registering beans for JMX exposure on startup
2018-12-25 09:59:43.750  INFO [zipkin-server-stream,,,] 179424 --- [main] o.s.i.monitor.IntegrationMBeanExporter   : Registering MessageChannel sleuth
2018-12-25 09:59:43.752  INFO [zipkin-server-stream,,,] 179424 --- [main] o.s.i.monitor.IntegrationMBeanExporter   : Located managed bean 'org.springframework.integration:type=MessageChannel,name=sleuth': registering with JMX server as MBean [org.springframework.integration:type=MessageChannel,name=sleuth]
2018-12-25 09:59:43.773  INFO [zipkin-server-stream,,,] 179424 --- [main] o.s.i.monitor.IntegrationMBeanExporter   : Registering MessageChannel nullChannel
2018-12-25 09:59:43.774  INFO [zipkin-server-stream,,,] 179424 --- [main] o.s.i.monitor.IntegrationMBeanExporter   : Located managed bean 'org.springframework.integration:type=MessageChannel,name=nullChannel': registering with JMX server as MBean [org.springframework.integration:type=MessageChannel,name=nullChannel]
2018-12-25 09:59:43.779  INFO [zipkin-server-stream,,,] 179424 --- [main] o.s.i.monitor.IntegrationMBeanExporter   : Registering MessageChannel errorChannel
2018-12-25 09:59:43.780  INFO [zipkin-server-stream,,,] 179424 --- [main] o.s.i.monitor.IntegrationMBeanExporter   : Located managed bean 'org.springframework.integration:type=MessageChannel,name=errorChannel': registering with JMX server as MBean [org.springframework.integration:type=MessageChannel,name=errorChannel]
2018-12-25 09:59:43.798  INFO [zipkin-server-stream,,,] 179424 --- [main] o.s.i.monitor.IntegrationMBeanExporter   : Registering MessageHandler errorLogger
2018-12-25 09:59:43.799  INFO [zipkin-server-stream,,,] 179424 --- [main] o.s.i.monitor.IntegrationMBeanExporter   : Located managed bean 'org.springframework.integration:type=MessageHandler,name=errorLogger,bean=internal': registering with JMX server as MBean [org.springframework.integration:type=MessageHandler,name=errorLogger,bean=internal]
2018-12-25 09:59:43.809  INFO [zipkin-server-stream,,,] 179424 --- [main] o.s.i.monitor.IntegrationMBeanExporter   : Registering MessageSource sleuthStreamSpanReporter.poll.inboundChannelAdapter
2018-12-25 09:59:43.810  INFO [zipkin-server-stream,,,] 179424 --- [main] o.s.i.monitor.IntegrationMBeanExporter   : Located managed bean 'org.springframework.integration:type=MessageSource,name=sleuthStreamSpanReporter.poll.inboundChannelAdapter,bean=endpoint': registering with JMX server as MBean [org.springframework.integration:type=MessageSource,name=sleuthStreamSpanReporter.poll.inboundChannelAdapter,bean=endpoint]
2018-12-25 09:59:43.822  INFO [zipkin-server-stream,,,] 179424 --- [main] o.s.c.support.DefaultLifecycleProcessor  : Starting beans in phase -2147482648
2018-12-25 09:59:43.959  INFO [zipkin-server-stream,,,] 179424 --- [main] c.example.ZipkinServerStreamApplication  : No active profile set, falling back to default profiles: default
2018-12-25 09:59:43.961  INFO [zipkin-server-stream,,,] 179424 --- [main] s.c.a.AnnotationConfigApplicationContext : Refreshing org.springframework.context.annotation.AnnotationConfigApplicationContext@54495935: startup date [Tue Dec 25 09:59:43 CST 2018]; parent: org.springframework.boot.context.embedded.AnnotationConfigEmbeddedWebApplicationContext@77167fb7
2018-12-25 09:59:44.023  INFO [zipkin-server-stream,,,] 179424 --- [main] o.s.c.support.GenericApplicationContext  : Refreshing org.springframework.context.support.GenericApplicationContext@6befbb12: startup date [Tue Dec 25 09:59:44 CST 2018]; root of context hierarchy
2018-12-25 09:59:44.045  INFO [zipkin-server-stream,,,] 179424 --- [main] c.example.ZipkinServerStreamApplication  : Started ZipkinServerStreamApplication in 0.21 seconds (JVM running for 5.733)
2018-12-25 09:59:44.118  INFO [zipkin-server-stream,,,] 179424 --- [main] o.s.a.r.c.CachingConnectionFactory       : Attempting to connect to: [106.12.125.27:5672]
2018-12-25 09:59:44.192  INFO [zipkin-server-stream,,,] 179424 --- [main] o.s.a.r.c.CachingConnectionFactory       : Created new connection: rabbitConnectionFactory#586843bc:0/SimpleConnection@3e151e1f [delegate=amqp://adminlxj@106.12.125.27:5672/, localPort= 64369]
2018-12-25 09:59:44.249  INFO [zipkin-server-stream,,,] 179424 --- [main] o.s.integration.channel.DirectChannel    : Channel 'zipkin-server-stream:9411.sleuth' has 1 subscriber(s).
2018-12-25 09:59:44.250  INFO [zipkin-server-stream,,,] 179424 --- [main] o.s.c.support.DefaultLifecycleProcessor  : Starting beans in phase 0
2018-12-25 09:59:44.279  INFO [zipkin-server-stream,,,] 179424 --- [main] o.s.i.endpoint.EventDrivenConsumer       : Adding {logging-channel-adapter:_org.springframework.integration.errorLogger} as a subscriber to the 'errorChannel' channel
2018-12-25 09:59:44.279  INFO [zipkin-server-stream,,,] 179424 --- [main] o.s.i.channel.PublishSubscribeChannel    : Channel 'zipkin-server-stream:9411.errorChannel' has 1 subscriber(s).
2018-12-25 09:59:44.279  INFO [zipkin-server-stream,,,] 179424 --- [main] o.s.i.endpoint.EventDrivenConsumer       : started _org.springframework.integration.errorLogger
2018-12-25 09:59:44.285  INFO [zipkin-server-stream,,,] 179424 --- [main] o.s.i.e.SourcePollingChannelAdapter      : started sleuthStreamSpanReporter.poll.inboundChannelAdapter
2018-12-25 09:59:44.286  INFO [zipkin-server-stream,,,] 179424 --- [main] o.s.c.support.DefaultLifecycleProcessor  : Starting beans in phase 2147482647
2018-12-25 09:59:44.286  INFO [zipkin-server-stream,,,] 179424 --- [main] o.s.c.support.DefaultLifecycleProcessor  : Starting beans in phase 2147483647
2018-12-25 09:59:44.331  INFO [zipkin-server-stream,,,] 179424 --- [main] s.b.c.e.t.TomcatEmbeddedServletContainer : Tomcat started on port(s): 9411 (http)
2018-12-25 09:59:44.334  INFO [zipkin-server-stream,,,] 179424 --- [main] c.example.ZipkinServerStreamApplication  : Started ZipkinServerStreamApplication in 5.339 seconds (JVM running for 6.022)
2018-12-25 10:01:58.120  INFO [zipkin-server-stream,,,] 179424 --- [http-nio-9411-exec-1] o.a.c.c.C.[Tomcat].[localhost].[/]       : Initializing Spring FrameworkServlet 'dispatcherServlet'
2018-12-25 10:01:58.120  INFO [zipkin-server-stream,,,] 179424 --- [http-nio-9411-exec-1] o.s.web.servlet.DispatcherServlet        : FrameworkServlet 'dispatcherServlet': initialization started
2018-12-25 10:01:58.150  INFO [zipkin-server-stream,,,] 179424 --- [http-nio-9411-exec-1] o.s.web.servlet.DispatcherServlet        : FrameworkServlet 'dispatcherServlet': initialization completed in 30 ms
2018-12-25 10:01:58.477  INFO [zipkin-server-stream,2538ea2deb0ebbcf,2538ea2deb0ebbcf,false] 179424 --- [task-scheduler-9] o.s.i.codec.kryo.CompositeKryoRegistrar  : registering [40, java.io.File] with serializer org.springframework.integration.codec.kryo.FileSerializer
